<?xml version="1.0" encoding="UTF-8"?>
<!-- Generated by org.testng.reporters.JUnitXMLReporter -->
<testsuite ignored="0" hostname="DESKTOP-IJRRKJG" failures="0" tests="4" name="Default test" time="8.023" errors="0" timestamp="2022-03-28T23:25:26 IST">
  <testcase classname="restassuredapi.Test111PostRequest" name="checkResponseBody" time="0.055"/>
  <testcase classname="restassuredapi.Test111PostRequest" name="checkResponseTime" time="0.005"/>
  <testcase classname="restassuredapi.Test111PostRequest" name="checkStatusCode" time="0.002"/>
  <testcase classname="restassuredapi.Test111PostRequest" name="checkStatusLine" time="0.002"/>
</testsuite> <!-- Default test -->
