<?xml version="1.0" encoding="UTF-8"?>
<!-- Generated by org.testng.reporters.JUnitXMLReporter -->
<testsuite ignored="0" hostname="DESKTOP-IJRRKJG" failures="0" tests="21" name="restassuredtest" time="16.186" errors="0" timestamp="2022-03-28T20:57:49 IST">
  <testcase classname="restassuredapi.TestCase001" name="checkContentEncoding" time="0.054"/>
  <testcase classname="restassuredapi.TestCase001" name="checkContentType" time="0.004"/>
  <testcase classname="restassuredapi.TestCase001" name="checkCookies" time="0.004"/>
  <testcase classname="restassuredapi.TestCase001" name="checkResponeTime" time="0.004"/>
  <testcase classname="restassuredapi.TestCase001" name="checkResponseBody" time="0.062"/>
  <testcase classname="restassuredapi.TestCase001" name="checkServerType" time="0.065"/>
  <testcase classname="restassuredapi.TestCase001" name="checkStatusCode" time="0.018"/>
  <testcase classname="restassuredapi.TestCase001" name="checkStatusLine" time="0.013"/>
  <testcase classname="restassuredapi.TestCase002" name="checkContentType" time="0.006"/>
  <testcase classname="restassuredapi.TestCase002" name="checkResponseBody" time="0.005"/>
  <testcase classname="restassuredapi.TestCase002" name="checkStatusCode" time="0.004"/>
  <testcase classname="restassuredapi.TestCase002" name="checkStatusLine" time="0.005"/>
  <testcase classname="restassuredapi.TestCase003" name="checkContentType" time="0.003"/>
  <testcase classname="restassuredapi.TestCase003" name="checkResponseBody" time="0.005"/>
  <testcase classname="restassuredapi.TestCase003" name="checkStatusCode" time="0.004"/>
  <testcase classname="restassuredapi.TestCase003" name="checkStatusLine" time="0.008"/>
  <testcase classname="restassuredapi.TestCase004" name="checkContentType" time="0.003"/>
  <testcase classname="restassuredapi.TestCase004" name="checkResponseBody" time="0.006"/>
  <testcase classname="restassuredapi.TestCase004" name="checkStatusCode" time="0.009"/>
  <testcase classname="restassuredapi.TestCase004" name="checkStatusLine" time="0.003"/>
  <testcase classname="restassuredapi.TestCase005" name="getResponseHeaders" time="0.005"/>
</testsuite> <!-- restassuredtest -->
