<?xml version="1.0" encoding="UTF-8"?>
<testsuite xmlns:xsi="http://www.w3.org/2001/XMLSchema-instance" xsi:noNamespaceSchemaLocation="https://maven.apache.org/surefire/maven-surefire-plugin/xsd/surefire-test-report-3.0.xsd" version="3.0" name="TestSuite" time="18.822" tests="21" errors="0" skipped="0" failures="0">
  <properties>
[...]
</properties>
  <testcase name="checkContentEncoding" classname="restassuredapi.TestCase001" time="0.044">
    <system-err><![CDATA[SLF4J: Failed to load class "org.slf4j.impl.StaticLoggerBinder".
SLF4J: Defaulting to no-operation (NOP) logger implementation
SLF4J: See http://www.slf4j.org/codes.html#StaticLoggerBinder for further details.
Mar 28, 2022 11:36:19 AM restassuredapi.TestCase001 getAllUsers
INFO: *******Started TestCase001*************
Mar 28, 2022 11:36:25 AM restassuredapi.TestCase001 getAllUsers
INFO: Date=Mon, 28 Mar 2022 06:06:25 GMT
Content-Type=application/json; charset=utf-8
Transfer-Encoding=chunked
Connection=keep-alive
X-Powered-By=Express
Access-Control-Allow-Origin=*
Etag=W/"406-ut0vzoCuidvyMf8arZpMpJ6ZRDw"
Via=1.1 vegur
Cache-Control=max-age=14400
CF-Cache-Status=HIT
Age=6265
Expect-CT=max-age=604800, report-uri="https://report-uri.cloudflare.com/cdn-cgi/beacon/expect-ct"
Report-To={"endpoints":[{"url":"https:\/\/a.nel.cloudflare.com\/report\/v3?s=9RjFd0FvVXXtHPvGXCuDr0RoueW8dlsjcNKm4p9yzx0i7LmuYwKWkMn6DzJ67mDPYTsuS%2Fk6ogpxkp2dPlkOGW89VuLo%2F1rvP%2B3XTafH6NgE%2Bu7dCnROlHYQmcs%3D"}],"group":"cf-nel","max_age":604800}
NEL={"success_fraction":0,"report_to":"cf-nel","max_age":604800}
Vary=Accept-Encoding
Server=cloudflare
CF-RAY=6f2e2e00bafa068a-LHR
Content-Encoding=gzip
alt-svc=h3=":443"; ma=86400, h3-29=":443"; ma=86400
Mar 28, 2022 11:36:25 AM restassuredapi.TestCase001 checkContentEncoding
INFO: *******************Checking server encoding****************
Mar 28, 2022 11:36:25 AM restassuredapi.TestCase001 checkContentEncoding
INFO: Content Encoding is gzip
]]></system-err>
  </testcase>
  <testcase name="checkContentType" classname="restassuredapi.TestCase001" time="0.005">
    <system-err><![CDATA[Mar 28, 2022 11:36:25 AM restassuredapi.TestCase001 checkContentType
INFO: *******************Checking content type*****************
Mar 28, 2022 11:36:25 AM restassuredapi.TestCase001 checkContentType
INFO: Content-Type is application/json; charset=utf-8
]]></system-err>
  </testcase>
  <testcase name="checkCookies" classname="restassuredapi.TestCase001" time="0.014">
    <system-err><![CDATA[Mar 28, 2022 11:36:25 AM restassuredapi.TestCase001 checkCookies
INFO: ********************Checking cookies******************
Mar 28, 2022 11:36:25 AM restassuredapi.TestCase001 checkCookies
INFO: Cookie is null
]]></system-err>
  </testcase>
  <testcase name="checkResponeTime" classname="restassuredapi.TestCase001" time="0.017">
    <system-err><![CDATA[Mar 28, 2022 11:36:25 AM restassuredapi.TestCase001 checkResponeTime
INFO: *************Checking response time******************
Mar 28, 2022 11:36:25 AM restassuredapi.TestCase001 checkResponeTime
INFO: Response time is 2747
Mar 28, 2022 11:36:25 AM restassuredapi.TestCase001 checkResponeTime
WARNING: Response time is greater than 2000
]]></system-err>
  </testcase>
  <testcase name="checkResponseBody" classname="restassuredapi.TestCase001" time="0.076">
    <system-err><![CDATA[Mar 28, 2022 11:36:25 AM restassuredapi.TestCase001 checkResponseBody
INFO: ************Checking Response body****************
Mar 28, 2022 11:36:25 AM restassuredapi.TestCase001 checkResponseBody
INFO: Response body is {"page":2,"per_page":6,"total":12,"total_pages":2,"data":[{"id":7,"email":"michael.lawson@reqres.in","first_name":"Michael","last_name":"Lawson","avatar":"https://reqres.in/img/faces/7-image.jpg"},{"id":8,"email":"lindsay.ferguson@reqres.in","first_name":"Lindsay","last_name":"Ferguson","avatar":"https://reqres.in/img/faces/8-image.jpg"},{"id":9,"email":"tobias.funke@reqres.in","first_name":"Tobias","last_name":"Funke","avatar":"https://reqres.in/img/faces/9-image.jpg"},{"id":10,"email":"byron.fields@reqres.in","first_name":"Byron","last_name":"Fields","avatar":"https://reqres.in/img/faces/10-image.jpg"},{"id":11,"email":"george.edwards@reqres.in","first_name":"George","last_name":"Edwards","avatar":"https://reqres.in/img/faces/11-image.jpg"},{"id":12,"email":"rachel.howell@reqres.in","first_name":"Rachel","last_name":"Howell","avatar":"https://reqres.in/img/faces/12-image.jpg"}],"support":{"url":"https://reqres.in/#support-heading","text":"To keep ReqRes free, contributions towards server costs are appreciated!"}}
]]></system-err>
  </testcase>
  <testcase name="checkServerType" classname="restassuredapi.TestCase001" time="0.005">
    <system-err><![CDATA[Mar 28, 2022 11:36:25 AM restassuredapi.TestCase001 checkServerType
INFO: *******************Checking server type*******************
Mar 28, 2022 11:36:25 AM restassuredapi.TestCase001 checkServerType
INFO: Server Type is 1.1 vegur
]]></system-err>
  </testcase>
  <testcase name="checkStatusCode" classname="restassuredapi.TestCase001" time="0.017">
    <system-err><![CDATA[Mar 28, 2022 11:36:25 AM restassuredapi.TestCase001 checkStatusCode
INFO: **************Checking status code******************
Mar 28, 2022 11:36:25 AM restassuredapi.TestCase001 checkStatusCode
INFO: Status code is 200
]]></system-err>
  </testcase>
  <testcase name="checkStatusLine" classname="restassuredapi.TestCase001" time="0.018">
    <system-err><![CDATA[Mar 28, 2022 11:36:25 AM restassuredapi.TestCase001 checkStatusLine
INFO: ***************Checking status line********************
Mar 28, 2022 11:36:25 AM restassuredapi.TestCase001 checkStatusLine
INFO: Status Line is HTTP/1.1 200 OK
]]></system-err>
  </testcase>
  <testcase name="checkContentType" classname="restassuredapi.TestCase002" time="0.046">
    <system-err><![CDATA[Mar 28, 2022 11:36:25 AM restassuredapi.TestCase001 tearDown
INFO: ******************Test case completed********************
Mar 28, 2022 11:36:25 AM restassuredapi.TestCase002 createUser
INFO: **************Test Case002 Started********************
Mar 28, 2022 11:36:28 AM restassuredapi.TestCase002 checkContentType
INFO: ****************Checking content type********************
Mar 28, 2022 11:36:28 AM restassuredapi.TestCase002 checkContentType
INFO: Content Type is application/json; charset=utf-8
]]></system-err>
  </testcase>
  <testcase name="checkResponseBody" classname="restassuredapi.TestCase002" time="0.006">
    <system-err><![CDATA[Mar 28, 2022 11:36:28 AM restassuredapi.TestCase002 checkResponseBody
INFO: ***************Checking Response body****************
Mar 28, 2022 11:36:28 AM restassuredapi.TestCase002 checkResponseBody
INFO: Response body is {"name":"morpheus aygV","job":"wQpFc","id":"388","createdAt":"2022-03-28T06:06:26.640Z"}
]]></system-err>
  </testcase>
  <testcase name="checkStatusCode" classname="restassuredapi.TestCase002" time="0.003">
    <system-err><![CDATA[Mar 28, 2022 11:36:28 AM restassuredapi.TestCase002 checkStatusCode
INFO: *********Checking status code***************
Mar 28, 2022 11:36:28 AM restassuredapi.TestCase002 checkStatusCode
INFO: Status Code is 201
]]></system-err>
  </testcase>
  <testcase name="checkStatusLine" classname="restassuredapi.TestCase002" time="0.008">
    <system-err><![CDATA[Mar 28, 2022 11:36:28 AM restassuredapi.TestCase002 checkStatusLine
INFO: ***********Checking Status Line*****************
Mar 28, 2022 11:36:28 AM restassuredapi.TestCase002 checkStatusLine
INFO: Status Line is HTTP/1.1 201 Created
]]></system-err>
  </testcase>
  <testcase name="checkContentType" classname="restassuredapi.TestCase003" time="0.003">
    <system-err><![CDATA[Mar 28, 2022 11:36:28 AM restassuredapi.TestCase002 tearDown
INFO: *******Test case002 is finished**********
Mar 28, 2022 11:36:28 AM restassuredapi.TestCase003 updateUser
INFO: **************Test Case003 Started********************
Mar 28, 2022 11:36:30 AM restassuredapi.TestCase003 checkContentType
INFO: ****************Checking content type********************
Mar 28, 2022 11:36:30 AM restassuredapi.TestCase003 checkContentType
INFO: Content Type is application/json; charset=utf-8
]]></system-err>
  </testcase>
  <testcase name="checkResponseBody" classname="restassuredapi.TestCase003" time="0.008">
    <system-err><![CDATA[Mar 28, 2022 11:36:30 AM restassuredapi.TestCase003 checkResponseBody
INFO: ***************Checking Response body****************
Mar 28, 2022 11:36:30 AM restassuredapi.TestCase003 checkResponseBody
INFO: Response body is {"name":"morpheus suWx","job":"ZqroS","updatedAt":"2022-03-28T06:06:29.331Z"}
]]></system-err>
  </testcase>
  <testcase name="checkStatusCode" classname="restassuredapi.TestCase003" time="0.006">
    <system-err><![CDATA[Mar 28, 2022 11:36:30 AM restassuredapi.TestCase003 checkStatusCode
INFO: *********Checking status code***************
Mar 28, 2022 11:36:30 AM restassuredapi.TestCase003 checkStatusCode
INFO: Status Code is 200
]]></system-err>
  </testcase>
  <testcase name="checkStatusLine" classname="restassuredapi.TestCase003" time="0.021">
    <system-err><![CDATA[Mar 28, 2022 11:36:30 AM restassuredapi.TestCase003 checkStatusLine
INFO: ***********Checking Status Line*****************
Mar 28, 2022 11:36:30 AM restassuredapi.TestCase003 checkStatusLine
INFO: Status Line is HTTP/1.1 200 OK
]]></system-err>
  </testcase>
  <testcase name="checkContentType" classname="restassuredapi.TestCase004" time="0.019">
    <system-err><![CDATA[Mar 28, 2022 11:36:30 AM restassuredapi.TestCase003 tearDown
INFO: *******Test case002 is finished**********
Mar 28, 2022 11:36:30 AM restassuredapi.TestCase004 deleteUser
INFO: **************Test Case004 Started********************
Mar 28, 2022 11:36:33 AM restassuredapi.TestCase004 checkContentType
INFO: ****************Checking content type********************
Mar 28, 2022 11:36:33 AM restassuredapi.TestCase004 checkContentType
INFO: Content Type is null
]]></system-err>
  </testcase>
  <testcase name="checkResponseBody" classname="restassuredapi.TestCase004" time="0.005">
    <system-err><![CDATA[Mar 28, 2022 11:36:33 AM restassuredapi.TestCase004 checkResponseBody
INFO: ***************Checking Response body****************
Mar 28, 2022 11:36:33 AM restassuredapi.TestCase004 checkResponseBody
INFO: Response body is 
]]></system-err>
  </testcase>
  <testcase name="checkStatusCode" classname="restassuredapi.TestCase004" time="0.006">
    <system-err><![CDATA[Mar 28, 2022 11:36:33 AM restassuredapi.TestCase004 checkStatusCode
INFO: *********Checking status code***************
Mar 28, 2022 11:36:33 AM restassuredapi.TestCase004 checkStatusCode
INFO: Status Code is 204
]]></system-err>
  </testcase>
  <testcase name="checkStatusLine" classname="restassuredapi.TestCase004" time="0.005">
    <system-err><![CDATA[Mar 28, 2022 11:36:33 AM restassuredapi.TestCase004 checkStatusLine
INFO: ***********Checking Status Line*****************
Mar 28, 2022 11:36:33 AM restassuredapi.TestCase004 checkStatusLine
INFO: Status Line is HTTP/1.1 204 No Content
]]></system-err>
  </testcase>
  <testcase name="getResponseHeaders" classname="restassuredapi.TestCase005" time="0.021">
    <system-err><![CDATA[Mar 28, 2022 11:36:33 AM restassuredapi.TestCase004 tearDown
INFO: *******Test case002 is finished**********
Mar 28, 2022 11:36:34 AM restassuredapi.TestCase005 getHeaders
INFO: **************Test Case005 Started********************
Mar 28, 2022 11:36:36 AM restassuredapi.TestCase005 getResponseHeaders
INFO: ***********getting the headers****************
Mar 28, 2022 11:36:36 AM restassuredapi.TestCase005 getResponseHeaders
INFO: Headers is Date=Mon, 28 Mar 2022 06:06:34 GMT
Content-Type=application/json; charset=utf-8
Connection=keep-alive
X-Powered-By=Express
Access-Control-Allow-Origin=*
Etag=W/"406-ut0vzoCuidvyMf8arZpMpJ6ZRDw"
Via=1.1 vegur
Cache-Control=max-age=14400
CF-Cache-Status=HIT
Age=6274
Expect-CT=max-age=604800, report-uri="https://report-uri.cloudflare.com/cdn-cgi/beacon/expect-ct"
Report-To={"endpoints":[{"url":"https:\/\/a.nel.cloudflare.com\/report\/v3?s=YpvX2a8qjlxLr4gzNeSPidB1uNwytm8oF0bh3llv4KtoKn%2FV6ne7K9r1RyqxEQBWaPRgsip6MFe7QRPmaKUlToZjp%2B%2BA52%2FT6G6s7eADMPP8hdm7aA%2BVdLnyCD8%3D"}],"group":"cf-nel","max_age":604800}
NEL={"success_fraction":0,"report_to":"cf-nel","max_age":604800}
Vary=Accept-Encoding
Server=cloudflare
CF-RAY=6f2e2e3c7a79f3fb-LHR
Content-Encoding=gzip
alt-svc=h3=":443"; ma=86400, h3-29=":443"; ma=86400
]]></system-err>
  </testcase>
</testsuite>