<?xml version="1.0" encoding="UTF-8"?>
<testng-results ignored="0" total="4" passed="4" failed="0" skipped="0">
  <reporter-output>
  </reporter-output>
  <suite started-at="2022-03-28T23:25:17 IST" name="Default suite" finished-at="2022-03-28T23:25:25 IST" duration-ms="8023">
    <groups>
    </groups>
    <test started-at="2022-03-28T23:25:17 IST" name="Default test" finished-at="2022-03-28T23:25:25 IST" duration-ms="8023">
      <class name="restassuredapi.Test111PostRequest">
        <test-method is-config="true" signature="createUser()[pri:0, instance:restassuredapi.Test111PostRequest@4d5b6aac]" started-at="2022-03-28T23:25:17 IST" name="createUser" finished-at="2022-03-28T23:25:25 IST" duration-ms="7850" status="PASS">
          <reporter-output>
          </reporter-output>
        </test-method> <!-- createUser -->
        <test-method signature="checkResponseBody()[pri:0, instance:restassuredapi.Test111PostRequest@4d5b6aac]" started-at="2022-03-28T23:25:25 IST" name="checkResponseBody" finished-at="2022-03-28T23:25:25 IST" duration-ms="55" status="PASS">
          <reporter-output>
          </reporter-output>
        </test-method> <!-- checkResponseBody -->
        <test-method signature="checkResponseTime()[pri:0, instance:restassuredapi.Test111PostRequest@4d5b6aac]" started-at="2022-03-28T23:25:25 IST" name="checkResponseTime" finished-at="2022-03-28T23:25:25 IST" duration-ms="5" status="PASS">
          <reporter-output>
          </reporter-output>
        </test-method> <!-- checkResponseTime -->
        <test-method signature="checkStatusCode()[pri:0, instance:restassuredapi.Test111PostRequest@4d5b6aac]" started-at="2022-03-28T23:25:25 IST" name="checkStatusCode" finished-at="2022-03-28T23:25:25 IST" duration-ms="2" status="PASS">
          <reporter-output>
          </reporter-output>
        </test-method> <!-- checkStatusCode -->
        <test-method signature="checkStatusLine()[pri:0, instance:restassuredapi.Test111PostRequest@4d5b6aac]" started-at="2022-03-28T23:25:25 IST" name="checkStatusLine" finished-at="2022-03-28T23:25:25 IST" duration-ms="2" status="PASS">
          <reporter-output>
          </reporter-output>
        </test-method> <!-- checkStatusLine -->
      </class> <!-- restassuredapi.Test111PostRequest -->
    </test> <!-- Default test -->
  </suite> <!-- Default suite -->
</testng-results>
